<?xml version="1.0" encoding="UTF-8"?>
<!-- Generated by org.testng.reporters.JUnitXMLReporter -->
<testsuite ignored="0" hostname="LAPTOP-UDPGJVG7" failures="0" tests="5" name="Default test" time="31.603" errors="0" timestamp="2024-06-23T19:54:32 IST">
  <testcase classname="com.ui.PagesTests.TC001_Login" name="login" time="4.119"/>
  <testcase classname="com.ui.PagesTests.TC001_Login" name="siteLink" time="2.579"/>
  <testcase classname="com.ui.PagesTests.TC001_Login" name="verifyLoginText" time="0.416"/>
  <testcase classname="com.ui.PagesTests.TC001_Login" name="verifyLogo" time="0.434"/>
  <testcase classname="com.ui.PagesTests.TC001_Login" name="verifyResetPass" time="0.951"/>
</testsuite> <!-- Default test -->
