<?xml version="1.0" encoding="UTF-8"?>
<!-- Generated by org.testng.reporters.JUnitXMLReporter -->
<testsuite ignored="0" hostname="LAPTOP-UDPGJVG7" failures="0" tests="3" name="Test" time="17.926" errors="0" timestamp="2024-06-22T19:41:07 IST">
  <testcase classname="com.ui.PagesTests.TC001_Login" name="login" time="3.822"/>
  <testcase classname="com.ui.PagesTests.TC003_AddEmployee" name="addEmployee" time="7.608"/>
  <testcase classname="com.ui.PagesTests.TC002_Logout" name="logout" time="4.199"/>
</testsuite> <!-- Test -->
